2020-10-14 13:00:17 │ [init_tui] TUI initialized.
                    │ [init_tui] Terminal have colors.
                    │ [init_tui]
2020-10-14 13:00:17 │ [create_window] Window 0 was created.
                    │ [create_window]    Physical size = (10, 56)
                    │ [create_window]    Buffer size   = (8, 54)
                    │ [create_window]    Coordinate    = (2, 2)
                    │ [create_window]    Title         = " WINDOW 1 "
2020-10-14 13:00:17 │ [create_widget] A container was created in Window (0x00007f2cb5dadf50).
                    │ [create_widget]     Size        = (8, 54)
                    │ [create_widget]     Coordinate  = (0, 0)
                    │ [create_widget]     Positioning = (abottom_atop,aleft_aright)
                    │ [create_widget]     Reference   = 0x00007f2cb3503d00
2020-10-14 13:00:17 │ [change_text] WidgetLabel (0x00007f2cb2947920): Label text changed to "The last pressed button was:".
2020-10-14 13:00:17 │ [create_widget] A label was created in WidgetContainer (0x00007f2cb3503d00).
                    │ [create_widget]     Size        = (1, 28)
                    │ [create_widget]     Coordinate  = (2, 2)
                    │ [create_widget]     Positioning = (top_height,left_width)
                    │ [create_widget]     Text        = "The last pressed button was:"
                    │ [create_widget]     Reference   = 0x00007f2cb2947920
2020-10-14 13:00:17 │ [change_text] WidgetLabel (0x00007f2cb29479d0): Label text changed to "".
2020-10-14 13:00:17 │ [create_widget] A label was created in WidgetContainer (0x00007f2cb3503d00).
                    │ [create_widget]     Size        = (1, 10)
                    │ [create_widget]     Coordinate  = (2, 31)
                    │ [create_widget]     Positioning = (amiddle_height,aleft_width)
                    │ [create_widget]     Text        = ""
                    │ [create_widget]     Reference   = 0x00007f2cb29479d0
2020-10-14 13:00:17 │ [create_widget] A button was created in WidgetContainer (0x00007f2cb3503d00).
                    │ [create_widget]     Size        = (1, 12)
                    │ [create_widget]     Coordinate  = (5, 0)
                    │ [create_widget]     Positioning = (top_height,aleft_width)
                    │ [create_widget]     Label       = "Button 1"
                    │ [create_widget]     Style       = simple
                    │ [create_widget]     Reference   = 0x00007f2cb3503ea0
2020-10-14 13:00:17 │ [create_widget] A button was created in WidgetContainer (0x00007f2cb3503d00).
                    │ [create_widget]     Size        = (3, 12)
                    │ [create_widget]     Coordinate  = (4, 21)
                    │ [create_widget]     Positioning = (amiddle_height,acenter_width)
                    │ [create_widget]     Label       = "Button 2"
                    │ [create_widget]     Style       = boxed
                    │ [create_widget]     Reference   = 0x00007f2cb354c0e0
2020-10-14 13:00:17 │ [create_widget] A button was created in WidgetContainer (0x00007f2cb3503d00).
                    │ [create_widget]     Size        = (1, 12)
                    │ [create_widget]     Coordinate  = (5, 42)
                    │ [create_widget]     Positioning = (amiddle_height,aright_width)
                    │ [create_widget]     Label       = "Button 3"
                    │ [create_widget]     Style       = none
                    │ [create_widget]     Reference   = 0x00007f2cb354c1b0
2020-10-14 13:00:17 │ [create_window] Window 1 was created.
                    │ [create_window]    Physical size = (10, 56)
                    │ [create_window]    Buffer size   = (8, 54)
                    │ [create_window]    Coordinate    = (7, 17)
                    │ [create_window]    Title         = " WINDOW 2 "
2020-10-14 13:00:17 │ [create_widget] A container was created in Window (0x00007f2cb5dae9f0).
                    │ [create_widget]     Size        = (8, 54)
                    │ [create_widget]     Coordinate  = (0, 0)
                    │ [create_widget]     Positioning = (abottom_atop,aleft_aright)
                    │ [create_widget]     Reference   = 0x00007f2cb354c280
2020-10-14 13:00:17 │ [change_text] WidgetLabel (0x00007f2cb2947a80): Label text changed to "The last pressed button was:".
2020-10-14 13:00:17 │ [create_widget] A label was created in WidgetContainer (0x00007f2cb354c280).
                    │ [create_widget]     Size        = (1, 28)
                    │ [create_widget]     Coordinate  = (2, 2)
                    │ [create_widget]     Positioning = (top_height,left_width)
                    │ [create_widget]     Text        = "The last pressed button was:"
                    │ [create_widget]     Reference   = 0x00007f2cb2947a80
2020-10-14 13:00:17 │ [change_text] WidgetLabel (0x00007f2cb2947b30): Label text changed to "".
2020-10-14 13:00:17 │ [create_widget] A label was created in WidgetContainer (0x00007f2cb354c280).
                    │ [create_widget]     Size        = (1, 10)
                    │ [create_widget]     Coordinate  = (2, 31)
                    │ [create_widget]     Positioning = (amiddle_height,aleft_width)
                    │ [create_widget]     Text        = ""
                    │ [create_widget]     Reference   = 0x00007f2cb2947b30
2020-10-14 13:00:17 │ [create_widget] A button was created in WidgetContainer (0x00007f2cb354c280).
                    │ [create_widget]     Size        = (1, 12)
                    │ [create_widget]     Coordinate  = (5, 0)
                    │ [create_widget]     Positioning = (top_height,aleft_width)
                    │ [create_widget]     Label       = "Button 1"
                    │ [create_widget]     Style       = simple
                    │ [create_widget]     Reference   = 0x00007f2cb354c350
2020-10-14 13:00:17 │ [create_widget] A button was created in WidgetContainer (0x00007f2cb354c280).
                    │ [create_widget]     Size        = (3, 12)
                    │ [create_widget]     Coordinate  = (4, 21)
                    │ [create_widget]     Positioning = (amiddle_height,acenter_width)
                    │ [create_widget]     Label       = "Button 2"
                    │ [create_widget]     Style       = boxed
                    │ [create_widget]     Reference   = 0x00007f2cb354c4f0
2020-10-14 13:00:17 │ [create_widget] A button was created in WidgetContainer (0x00007f2cb354c280).
                    │ [create_widget]     Size        = (1, 12)
                    │ [create_widget]     Coordinate  = (5, 42)
                    │ [create_widget]     Positioning = (amiddle_height,aright_width)
                    │ [create_widget]     Label       = "Button 3"
                    │ [create_widget]     Style       = none
                    │ [create_widget]     Reference   = 0x00007f2cb354c690
2020-10-14 13:00:17 │ [create_window] Window 2 was created.
                    │ [create_window]    Physical size = (10, 56)
                    │ [create_window]    Buffer size   = (8, 54)
                    │ [create_window]    Coordinate    = (12, 32)
                    │ [create_window]    Title         = " WINDOW 3 "
2020-10-14 13:00:17 │ [create_widget] A container was created in Window (0x00007f2cb5daf0d0).
                    │ [create_widget]     Size        = (8, 54)
                    │ [create_widget]     Coordinate  = (0, 0)
                    │ [create_widget]     Positioning = (abottom_atop,aleft_aright)
                    │ [create_widget]     Reference   = 0x00007f2cb354c830
2020-10-14 13:00:17 │ [change_text] WidgetLabel (0x00007f2cb2947be0): Label text changed to "The last pressed button was:".
2020-10-14 13:00:17 │ [create_widget] A label was created in WidgetContainer (0x00007f2cb354c830).
                    │ [create_widget]     Size        = (1, 28)
                    │ [create_widget]     Coordinate  = (2, 2)
                    │ [create_widget]     Positioning = (top_height,left_width)
                    │ [create_widget]     Text        = "The last pressed button was:"
                    │ [create_widget]     Reference   = 0x00007f2cb2947be0
2020-10-14 13:00:17 │ [change_text] WidgetLabel (0x00007f2cb2947c90): Label text changed to "".
2020-10-14 13:00:17 │ [create_widget] A label was created in WidgetContainer (0x00007f2cb354c830).
                    │ [create_widget]     Size        = (1, 10)
                    │ [create_widget]     Coordinate  = (2, 31)
                    │ [create_widget]     Positioning = (amiddle_height,aleft_width)
                    │ [create_widget]     Text        = ""
                    │ [create_widget]     Reference   = 0x00007f2cb2947c90
2020-10-14 13:00:17 │ [create_widget] A button was created in WidgetContainer (0x00007f2cb354c830).
                    │ [create_widget]     Size        = (1, 12)
                    │ [create_widget]     Coordinate  = (5, 0)
                    │ [create_widget]     Positioning = (top_height,aleft_width)
                    │ [create_widget]     Label       = "Button 1"
                    │ [create_widget]     Style       = simple
                    │ [create_widget]     Reference   = 0x00007f2cb354c900
2020-10-14 13:00:17 │ [create_widget] A button was created in WidgetContainer (0x00007f2cb354c830).
                    │ [create_widget]     Size        = (3, 12)
                    │ [create_widget]     Coordinate  = (4, 21)
                    │ [create_widget]     Positioning = (amiddle_height,acenter_width)
                    │ [create_widget]     Label       = "Button 2"
                    │ [create_widget]     Style       = boxed
                    │ [create_widget]     Reference   = 0x00007f2cb354c9d0
2020-10-14 13:00:17 │ [create_widget] A button was created in WidgetContainer (0x00007f2cb354c830).
                    │ [create_widget]     Size        = (1, 12)
                    │ [create_widget]     Coordinate  = (5, 42)
                    │ [create_widget]     Positioning = (amiddle_height,aright_width)
                    │ [create_widget]     Label       = "Button 3"
                    │ [create_widget]     Style       = none
                    │ [create_widget]     Reference   = 0x00007f2cb354caa0
2020-10-14 13:00:17 │ [next_window] Focus: Change the focused window.
2020-10-14 13:00:17 │ [request_focus] Focus: Switched to window Window (0x00007f2cb5dadf50).
2020-10-14 13:00:17 │ [update_view] Window 0: Buffer was copied to the view.
2020-10-14 13:00:17 │ [update_view] Window 1: Buffer was copied to the view.
2020-10-14 13:00:17 │ [update_view] Window 2: Buffer was copied to the view.
2020-10-14 13:00:17 │ [update_view] Window 0: Buffer was copied to the view.
2020-10-14 13:00:17 │ [update_view] Window 1: Buffer was copied to the view.
2020-10-14 13:00:17 │ [update_view] Window 2: Buffer was copied to the view.
2020-10-14 13:00:17 │ [update_view] Window 0: Buffer was copied to the view.
2020-10-14 13:00:17 │ [update_view] Window 1: Buffer was copied to the view.
2020-10-14 13:00:17 │ [update_view] Window 2: Buffer was copied to the view.
2020-10-14 13:00:21 │ [update_view] Window 0: Buffer was copied to the view.
2020-10-14 13:00:21 │ [update_view] Window 1: Buffer was copied to the view.
2020-10-14 13:00:21 │ [update_view] Window 2: Buffer was copied to the view.
2020-10-14 13:00:27 │ [next_window] Focus: Change the focused window.
2020-10-14 13:00:27 │ [request_focus] Focus: Switched to window Window (0x00007f2cb5dae9f0).
2020-10-14 13:00:32 │ [next_window] Focus: Change the focused window.
2020-10-14 13:00:32 │ [request_focus] Focus: Switched to window Window (0x00007f2cb5daf0d0).
2020-10-14 13:00:33 │ [previous_window] Focus: Change the focused window.
2020-10-14 13:00:33 │ [request_focus] Focus: Switched to window Window (0x00007f2cb5dae9f0).
2020-10-14 13:00:33 │ [next_window] Focus: Change the focused window.
2020-10-14 13:00:33 │ [request_focus] Focus: Switched to window Window (0x00007f2cb5daf0d0).
2020-10-14 13:00:33 │ [next_window] Focus: Change the focused window.
2020-10-14 13:00:33 │ [request_focus] Focus: Switched to window Window (0x00007f2cb5dadf50).
2020-10-14 13:00:34 │ [next_window] Focus: Change the focused window.
2020-10-14 13:00:34 │ [request_focus] Focus: Switched to window Window (0x00007f2cb5dae9f0).
2020-10-14 13:00:34 │ [next_window] Focus: Change the focused window.
2020-10-14 13:00:34 │ [request_focus] Focus: Switched to window Window (0x00007f2cb5daf0d0).
2020-10-14 13:00:35 │ [previous_window] Focus: Change the focused window.
2020-10-14 13:00:35 │ [request_focus] Focus: Switched to window Window (0x00007f2cb5dae9f0).
2020-10-14 13:00:35 │ [previous_window] Focus: Change the focused window.
2020-10-14 13:00:35 │ [request_focus] Focus: Switched to window Window (0x00007f2cb5dadf50).
2020-10-14 13:00:35 │ [previous_window] Focus: Change the focused window.
2020-10-14 13:00:35 │ [request_focus] Focus: Switched to window Window (0x00007f2cb5daf0d0).
2020-10-14 13:00:36 │ [previous_window] Focus: Change the focused window.
2020-10-14 13:00:36 │ [request_focus] Focus: Switched to window Window (0x00007f2cb5dae9f0).
2020-10-14 13:00:36 │ [previous_window] Focus: Change the focused window.
2020-10-14 13:00:36 │ [request_focus] Focus: Switched to window Window (0x00007f2cb5dadf50).
2020-10-14 13:00:37 │ [previous_window] Focus: Change the focused window.
2020-10-14 13:00:37 │ [request_focus] Focus: Switched to window Window (0x00007f2cb5daf0d0).
2020-10-14 13:00:37 │ [next_window] Focus: Change the focused window.
2020-10-14 13:00:37 │ [request_focus] Focus: Switched to window Window (0x00007f2cb5dadf50).
2020-10-14 13:00:37 │ [next_window] Focus: Change the focused window.
2020-10-14 13:00:37 │ [request_focus] Focus: Switched to window Window (0x00007f2cb5dae9f0).
2020-10-14 13:00:37 │ [next_window] Focus: Change the focused window.
2020-10-14 13:00:37 │ [request_focus] Focus: Switched to window Window (0x00007f2cb5daf0d0).
2020-10-14 13:01:39 │ [next_window] Focus: Change the focused window.
2020-10-14 13:01:39 │ [request_focus] Focus: Switched to window Window (0x00007f2cb5dadf50).
2020-10-14 13:01:40 │ [previous_window] Focus: Change the focused window.
2020-10-14 13:01:40 │ [request_focus] Focus: Switched to window Window (0x00007f2cb5daf0d0).
2020-10-14 13:01:41 │ [previous_window] Focus: Change the focused window.
2020-10-14 13:01:41 │ [request_focus] Focus: Switched to window Window (0x00007f2cb5dae9f0).
2020-10-14 13:01:41 │ [previous_window] Focus: Change the focused window.
2020-10-14 13:01:41 │ [request_focus] Focus: Switched to window Window (0x00007f2cb5dadf50).
2020-10-14 13:01:42 │ [previous_window] Focus: Change the focused window.
2020-10-14 13:01:42 │ [request_focus] Focus: Switched to window Window (0x00007f2cb5daf0d0).
2020-10-14 13:01:42 │ [previous_window] Focus: Change the focused window.
2020-10-14 13:01:42 │ [request_focus] Focus: Switched to window Window (0x00007f2cb5dae9f0).
2020-10-14 13:01:43 │ [previous_window] Focus: Change the focused window.
2020-10-14 13:01:43 │ [request_focus] Focus: Switched to window Window (0x00007f2cb5dadf50).
2020-10-14 13:01:43 │ [previous_window] Focus: Change the focused window.
2020-10-14 13:01:43 │ [request_focus] Focus: Switched to window Window (0x00007f2cb5daf0d0).
2020-10-14 13:03:18 │ [destroy_tui] TUI will be destroyed.
2020-10-14 13:03:18 │ [destroy_tui] TUI destroying windows.
2020-10-14 13:03:18 │ [destroy_all_windows] All windows will be destroyed.
2020-10-14 13:03:18 │ [destroy_window] Window (0x00007f2cb5daf0d0) will be destroyed.
2020-10-14 13:03:18 │ [destroy_widget]     Widget WidgetButton (0x00007f2cb354caa0) destroyed.
2020-10-14 13:03:18 │ [destroy_widget]     Widget WidgetButton (0x00007f2cb354c9d0) destroyed.
2020-10-14 13:03:18 │ [destroy_widget]     Widget WidgetButton (0x00007f2cb354c900) destroyed.
2020-10-14 13:03:18 │ [destroy_widget]     Widget WidgetLabel (0x00007f2cb2947c90) destroyed.
2020-10-14 13:03:18 │ [destroy_widget]     Widget WidgetLabel (0x00007f2cb2947be0) destroyed.
2020-10-14 13:03:18 │ [destroy_widget]     Widget WidgetContainer (0x00007f2cb354c830) destroyed.
2020-10-14 13:03:18 │ [destroy_window] Window 2 was destroyed.
2020-10-14 13:03:18 │ [destroy_window] Window (0x00007f2cb5dae9f0) will be destroyed.
2020-10-14 13:03:18 │ [destroy_widget]     Widget WidgetButton (0x00007f2cb354c690) destroyed.
2020-10-14 13:03:18 │ [destroy_widget]     Widget WidgetButton (0x00007f2cb354c4f0) destroyed.
2020-10-14 13:03:18 │ [destroy_widget]     Widget WidgetButton (0x00007f2cb354c350) destroyed.
2020-10-14 13:03:18 │ [destroy_widget]     Widget WidgetLabel (0x00007f2cb2947b30) destroyed.
2020-10-14 13:03:18 │ [destroy_widget]     Widget WidgetLabel (0x00007f2cb2947a80) destroyed.
2020-10-14 13:03:18 │ [destroy_widget]     Widget WidgetContainer (0x00007f2cb354c280) destroyed.
2020-10-14 13:03:18 │ [destroy_window] Window 1 was destroyed.
2020-10-14 13:03:18 │ [destroy_window] Window (0x00007f2cb5dadf50) will be destroyed.
2020-10-14 13:03:18 │ [destroy_widget]     Widget WidgetButton (0x00007f2cb354c1b0) destroyed.
2020-10-14 13:03:18 │ [destroy_widget]     Widget WidgetButton (0x00007f2cb354c0e0) destroyed.
2020-10-14 13:03:18 │ [destroy_widget]     Widget WidgetButton (0x00007f2cb3503ea0) destroyed.
2020-10-14 13:03:18 │ [destroy_widget]     Widget WidgetLabel (0x00007f2cb29479d0) destroyed.
2020-10-14 13:03:18 │ [destroy_widget]     Widget WidgetLabel (0x00007f2cb2947920) destroyed.
2020-10-14 13:03:18 │ [destroy_widget]     Widget WidgetContainer (0x00007f2cb3503d00) destroyed.
2020-10-14 13:03:18 │ [destroy_window] Window 0 was destroyed.
2020-10-14 13:03:18 │ [destroy_tui] TUI has been destroyed.
